<?xml version="1.0" encoding="UTF-8"?>
<testsuite name="guru.qa.AutomationPracticeFormTest" tests="12" skipped="0" failures="0" errors="0" timestamp="2022-01-30T16:32:46" hostname="link" time="2.217">
  <properties/>
  <testcase name="enterName()" classname="guru.qa.AutomationPracticeFormTest" time="0.308"/>
  <testcase name="enterUserEmail()" classname="guru.qa.AutomationPracticeFormTest" time="0.113"/>
  <testcase name="chooseGender()" classname="guru.qa.AutomationPracticeFormTest" time="0.076"/>
  <testcase name="enterNumber()" classname="guru.qa.AutomationPracticeFormTest" time="0.119"/>
  <testcase name="chooseDateOfBirth()" classname="guru.qa.AutomationPracticeFormTest" time="0.385"/>
  <testcase name="enterSubject()" classname="guru.qa.AutomationPracticeFormTest" time="0.201"/>
  <testcase name="markedHobbies()" classname="guru.qa.AutomationPracticeFormTest" time="0.048"/>
  <testcase name="fileUpload()" classname="guru.qa.AutomationPracticeFormTest" time="0.037"/>
  <testcase name="enterAddress()" classname="guru.qa.AutomationPracticeFormTest" time="0.101"/>
  <testcase name="enterStateCity()" classname="guru.qa.AutomationPracticeFormTest" time="0.357"/>
  <testcase name="clickSubmitButton()" classname="guru.qa.AutomationPracticeFormTest" time="0.192"/>
  <testcase name="checkResult()" classname="guru.qa.AutomationPracticeFormTest" time="0.271"/>
  <system-out><![CDATA[]]></system-out>
  <system-err><![CDATA[[Test worker] INFO com.codeborne.selenide.impl.WebDriverThreadLocalContainer - No webdriver is bound to current thread: 13 - let's create a new webdriver
[Test worker] INFO com.codeborne.selenide.impl.FileHelper - Creating folder: /home/belsv/repository/java/auto_tests_guru/qa_guru10_hw2/build/downloads/1643560362081_35311_13
[Test worker] INFO io.github.bonigarcia.wdm.WebDriverManager - Using chromedriver 97.0.4692.71 (resolved driver for Chrome 97)
[Test worker] INFO io.github.bonigarcia.wdm.WebDriverManager - Exporting webdriver.chrome.driver as /home/belsv/.cache/selenium/chromedriver/linux64/97.0.4692.71/chromedriver
Starting ChromeDriver 97.0.4692.71 (adefa7837d02a07a604c1e6eff0b3a09422ab88d-refs/branch-heads/4692@{#1247}) on port 37842
Only local connections are allowed.
Please see https://chromedriver.chromium.org/security-considerations for suggestions on keeping ChromeDriver safe.
ChromeDriver was started successfully.
Jan 30, 2022 7:32:43 PM org.openqa.selenium.remote.ProtocolHandshake createSession
INFO: Detected dialect: W3C
Jan 30, 2022 7:32:43 PM org.openqa.selenium.devtools.CdpVersionFinder findNearestMatch
WARNING: Unable to find an exact match for CDP version 97, so returning the closest version found: 96
Jan 30, 2022 7:32:43 PM org.openqa.selenium.devtools.CdpVersionFinder findNearestMatch
INFO: Found CDP implementation for version 97 of 96
[Test worker] INFO com.codeborne.selenide.webdriver.HttpClientTimeouts - Changed connectTimeout from PT10S to PT10S
[Test worker] INFO com.codeborne.selenide.webdriver.HttpClientTimeouts - Changed readTimeout from PT3M to PT3M
[Test worker] INFO com.codeborne.selenide.webdriver.BrowserResizer - Set browser size to 1920x1880
[Test worker] INFO com.codeborne.selenide.webdriver.WebDriverFactory - BrowserName=chrome Version=97.0.4692.99 Platform=LINUX
[Test worker] INFO com.codeborne.selenide.webdriver.WebDriverFactory - Selenide v. 6.1.1
[Test worker] INFO com.codeborne.selenide.webdriver.WebDriverFactory - Selenium WebDriver v. 4.1.0 build revision: 87802e897b
[Test worker] INFO com.codeborne.selenide.drivercommands.CreateDriverCommand - Created webdriver in thread 13: ChromeDriver -> ChromeDriver: chrome on LINUX (b7fbcee899f559c197626c135013e469)
[Test worker] INFO com.codeborne.selenide.drivercommands.CloseDriverCommand - Close webdriver: 13 -> ChromeDriver: chrome on LINUX (b7fbcee899f559c197626c135013e469)...
[Test worker] INFO com.codeborne.selenide.drivercommands.CloseDriverCommand - Closed webdriver 13 in 75 ms
]]></system-err>
</testsuite>
